Running: fuse.exe -relaunch -intstyle "ise" -incremental -lib "unisims_ver" -lib "unimacro_ver" -lib "xilinxcorelib_ver" -o "E:/ECOP/Cache/v0/test_isim_beh.exe" -prj "E:/ECOP/Cache/v0/test_beh.prj" "work.test" "work.glbl" 
ISim P.49d (signature 0x7708f090)
Number of CPUs detected in this system: 4
Turning on mult-threading, number of parallel sub-compilation jobs: 8 
Determining compilation order of HDL files
Analyzing Verilog file "E:/ECOP/Cache/v0/TABLE.v" into library work
Analyzing Verilog file "E:/ECOP/Cache/v0/RAM.v" into library work
Analyzing Verilog file "E:/ECOP/Cache/v0/CACHE.v" into library work
Analyzing Verilog file "E:/ECOP/Cache/v0/test.v" into library work
Analyzing Verilog file "F:/Xilinx/14.4/ISE_DS/ISE//verilog/src/glbl.v" into library work
Starting static elaboration
Completed static elaboration
Compiling module CACHE
Compiling module RAM
Compiling module TABLE
Compiling module test
Compiling module glbl
Time Resolution for simulation is 1ps.
Waiting for 1 sub-compilation(s) to finish...
Compiled 5 Verilog Units
Built simulation executable E:/ECOP/Cache/v0/test_isim_beh.exe
Fuse Memory Usage: 28664 KB
Fuse CPU Usage: 452 ms
